<?xml version="1.0" encoding="UTF-8"?>
<!-- Generated by org.testng.reporters.JUnitReportReporter -->
<testsuite hostname="RLP1789" failures="0" tests="1" name="com.mms.test.SeleniumTestViewAll" time="6.043" errors="0" timestamp="2024-01-12T14:53:44 IST" skipped="0">
  <testcase classname="com.mms.test.SeleniumTestViewAll" name="viewAll" time="6.043"/>
  <system-out/>
</testsuite> <!-- com.mms.test.SeleniumTestViewAll -->
