<?xml version="1.0" encoding="UTF-8"?>
<!-- Generated by org.testng.reporters.JUnitReportReporter -->
<testsuite hostname="RLP1789" failures="0" tests="1" name="com.mms.test.SeleniumTestInsert" time="6.603" errors="0" timestamp="2024-01-12T14:55:05 IST" skipped="0">
  <testcase classname="com.mms.test.SeleniumTestInsert" name="insert" time="6.603"/>
  <system-out/>
</testsuite> <!-- com.mms.test.SeleniumTestInsert -->
