<?xml version="1.0" encoding="UTF-8"?>
<!-- Generated by org.testng.reporters.JUnitReportReporter -->
<testsuite hostname="RLP1789" failures="0" tests="1" name="com.mms.test.SeleniumTestDelete" time="6.753" errors="0" timestamp="2024-01-12T14:51:51 IST" skipped="0">
  <testcase classname="com.mms.test.SeleniumTestDelete" name="delete" time="6.753"/>
  <system-out/>
</testsuite> <!-- com.mms.test.SeleniumTestDelete -->
