<?xml version="1.0" encoding="UTF-8"?>
<!-- Generated by org.testng.reporters.JUnitReportReporter -->
<testsuite hostname="RLP1789" failures="0" tests="1" name="com.mms.test.SeleniumTestUpdate" time="7.986" errors="0" timestamp="2024-01-12T14:50:31 IST" skipped="0">
  <testcase classname="com.mms.test.SeleniumTestUpdate" name="update" time="7.986"/>
  <system-out/>
</testsuite> <!-- com.mms.test.SeleniumTestUpdate -->
